<?xml version="1.0" encoding="UTF-8"?>
<!-- Generated by org.testng.reporters.JUnitReportReporter -->
<testsuite skipped="0" hostname="DESKTOP-C4L6Q0Q" name="com.Accuride.testCases.TC_QuoteApprovalCheckoutBankTransfer" tests="9" failures="0" timestamp="2022-06-22T13:27:43 IST" time="35.594" errors="0">
  <testcase name="ProceedToQuote_TC_ID_1_Login" time="10.389" classname="com.Accuride.testCases.TC_QuoteApprovalCheckoutBankTransfer"/>
  <system-out/>
  <testcase name="ProceedToQuote_TC_ID_1_verify_by_clicking_My_quote" time="6.601" classname="com.Accuride.testCases.TC_QuoteApprovalCheckoutBankTransfer"/>
  <system-out/>
  <testcase name="ProceedToQuote_TC_ID_3_verify_by_clicking_Action_menu" time="1.108" classname="com.Accuride.testCases.TC_QuoteApprovalCheckoutBankTransfer"/>
  <system-out/>
  <testcase name="ProceedToQuote_TC_ID_4_verify_by_clicking_viewQuote_button" time="0.551" classname="com.Accuride.testCases.TC_QuoteApprovalCheckoutBankTransfer"/>
  <system-out/>
  <testcase name="ProceedToQuote_TC_ID_5_verify_by_clicking_AcceptandCheckout_button" time="1.702" classname="com.Accuride.testCases.TC_QuoteApprovalCheckoutBankTransfer"/>
  <system-out/>
  <testcase name="ProceedToQuote_TC_ID_4_verify_by_clicking_Proceed_to_checkout_button" time="7.407" classname="com.Accuride.testCases.TC_QuoteApprovalCheckoutBankTransfer"/>
  <system-out/>
  <testcase name="ProceedToQuote_TC_ID_5_BankTransfer" time="4.909" classname="com.Accuride.testCases.TC_QuoteApprovalCheckoutBankTransfer"/>
  <system-out/>
  <testcase name="ProceedToQuote_TC_ID_6_select_Term_and_condition" time="1.422" classname="com.Accuride.testCases.TC_QuoteApprovalCheckoutBankTransfer"/>
  <system-out/>
  <testcase name="ProceedToQuote_TC_ID_7_verify_by_placing_order" time="1.505" classname="com.Accuride.testCases.TC_QuoteApprovalCheckoutBankTransfer"/>
  <system-out/>
</testsuite> <!-- com.Accuride.testCases.TC_QuoteApprovalCheckoutBankTransfer -->
