<?xml version="1.0" encoding="UTF-8"?>
<!-- Generated by org.testng.reporters.JUnitReportReporter -->
<testsuite skipped="0" hostname="DESKTOP-C4L6Q0Q" name="com.Accuride.testCases.TC_QuoteApprovalCheckout" tests="9" failures="0" timestamp="2022-06-22T12:29:59 IST" time="38.929" errors="0">
  <testcase name="ProceedToQuote_TC_ID_1_Login" time="10.264" classname="com.Accuride.testCases.TC_QuoteApprovalCheckout"/>
  <system-out/>
  <testcase name="ProceedToQuote_TC_ID_1_verify_by_clicking_My_quote" time="6.495" classname="com.Accuride.testCases.TC_QuoteApprovalCheckout"/>
  <system-out/>
  <testcase name="ProceedToQuote_TC_ID_3_verify_by_clicking_Action_menu" time="1.924" classname="com.Accuride.testCases.TC_QuoteApprovalCheckout"/>
  <system-out/>
  <testcase name="ProceedToQuote_TC_ID_4_verify_by_clicking_viewQuote_button" time="0.441" classname="com.Accuride.testCases.TC_QuoteApprovalCheckout"/>
  <system-out/>
  <testcase name="ProceedToQuote_TC_ID_5_verify_by_clicking_AcceptandCheckout_button" time="1.501" classname="com.Accuride.testCases.TC_QuoteApprovalCheckout"/>
  <system-out/>
  <testcase name="ProceedToQuote_TC_ID_4_verify_by_clicking_Proceed_to_checkout_button" time="7.775" classname="com.Accuride.testCases.TC_QuoteApprovalCheckout"/>
  <system-out/>
  <testcase name="ProceedToQuote_TC_ID_5_Add_card_detail" time="7.696" classname="com.Accuride.testCases.TC_QuoteApprovalCheckout"/>
  <system-out/>
  <testcase name="ProceedToQuote_TC_ID_6_select_Term_and_condition" time="1.365" classname="com.Accuride.testCases.TC_QuoteApprovalCheckout"/>
  <system-out/>
  <testcase name="ProceedToQuote_TC_ID_7_verify_by_placing_order" time="1.468" classname="com.Accuride.testCases.TC_QuoteApprovalCheckout"/>
  <system-out/>
</testsuite> <!-- com.Accuride.testCases.TC_QuoteApprovalCheckout -->
