<?xml version="1.0" encoding="UTF-8"?>
<!-- Generated by org.testng.reporters.JUnitReportReporter -->
<testsuite skipped="0" hostname="DESKTOP-C4L6Q0Q" name="com.Accuride.testCases.TC_ProceedToQuoteCheckout" tests="30" failures="0" timestamp="2022-10-17T13:05:34 IST" time="68.281" errors="0">
  <testcase name="ProceedToQuote_TC_ID_3_Login" time="4.746" classname="com.Accuride.testCases.TC_ProceedToQuoteCheckout"/>
  <system-out/>
  <testcase name="ProceedToQuote_TC_ID_1_verifyUI_Home_page" time="1.011" classname="com.Accuride.testCases.TC_ProceedToQuoteCheckout"/>
  <system-out/>
  <testcase name="ProceedToQuote_TC_ID_13_verify_filter_items" time="0.001" classname="com.Accuride.testCases.TC_ProceedToQuoteCheckout"/>
  <system-out/>
  <testcase name="ProceedToQuote_TC_ID_3_verify_All_product_submenu" time="3.154" classname="com.Accuride.testCases.TC_ProceedToQuoteCheckout"/>
  <system-out/>
  <testcase name="ProceedToQuote_TC_ID_5_verify_the_sub_menu_for_MARKETS" time="1.853" classname="com.Accuride.testCases.TC_ProceedToQuoteCheckout"/>
  <system-out/>
  <testcase name="ProceedToQuote_TC_ID_6_verify_sub_menu_for_RESOURCES" time="1.772" classname="com.Accuride.testCases.TC_ProceedToQuoteCheckout"/>
  <system-out/>
  <testcase name="ProceedToQuote_TC_ID_7_verify_sub_menu_for_BLOG" time="1.733" classname="com.Accuride.testCases.TC_ProceedToQuoteCheckout"/>
  <system-out/>
  <testcase name="ProceedToQuote_TC_ID_8_verif_sub_menu_for_SUPPORTS" time="1.837" classname="com.Accuride.testCases.TC_ProceedToQuoteCheckout"/>
  <system-out/>
  <testcase name="ProceedToQuote_TC_ID_9_verify_sub_menu_for_COMPANY" time="1.767" classname="com.Accuride.testCases.TC_ProceedToQuoteCheckout"/>
  <system-out/>
  <testcase name="ProceedToQuote_TC_ID_10_verify_by_clicking_submenu_of_Product" time="2.951" classname="com.Accuride.testCases.TC_ProceedToQuoteCheckout"/>
  <system-out/>
  <testcase name="ProceedToQuote_TC_ID_11_verify_UI_of_product_listing_page" time="9.635" classname="com.Accuride.testCases.TC_ProceedToQuoteCheckout"/>
  <system-out/>
  <testcase name="ProceedToQuote_TC_ID_12_13_verify_product_filter_on_listing_page" time="1.607" classname="com.Accuride.testCases.TC_ProceedToQuoteCheckout"/>
  <system-out/>
  <testcase name="ProceedToQuote_TC_ID_14_validate_by_applying_filter" time="1.586" classname="com.Accuride.testCases.TC_ProceedToQuoteCheckout"/>
  <system-out/>
  <testcase name="ProceedToQuote_TC_ID_15_16_validate_switch_button_vertical_horizontal" time="2.954" classname="com.Accuride.testCases.TC_ProceedToQuoteCheckout"/>
  <system-out/>
  <testcase name="ProceedToQuote_TC_ID_17_18_validate_sortby_button_product_postion" time="1.712" classname="com.Accuride.testCases.TC_ProceedToQuoteCheckout"/>
  <system-out/>
  <testcase name="ProceedToQuote_TC_ID_19_validate_search_filter_on_listing_page" time="1.793" classname="com.Accuride.testCases.TC_ProceedToQuoteCheckout"/>
  <system-out/>
  <testcase name="ProceedToQuote_TC_ID_20_validate_Product_item" time="1.143" classname="com.Accuride.testCases.TC_ProceedToQuoteCheckout"/>
  <system-out/>
  <testcase name="ProceedToQuote_TC_ID_21_verify_by_hover_on_product_item" time="0.001" classname="com.Accuride.testCases.TC_ProceedToQuoteCheckout"/>
  <system-out/>
  <testcase name="ProceedToQuote_TC_ID_22_23_verify_by_selecting_lenght_and_quantity" time="3.263" classname="com.Accuride.testCases.TC_ProceedToQuoteCheckout"/>
  <system-out/>
  <testcase name="ProceedToQuote_TC_ID_25_validate_by_adding_product_into_cart_by_addtocart_button" time="1.802" classname="com.Accuride.testCases.TC_ProceedToQuoteCheckout"/>
  <system-out/>
  <testcase name="ProceedToQuote_TC_ID_26_verify_by_adding_product_into_cart_without_lenght_quntity_configureProduct" time="1.200" classname="com.Accuride.testCases.TC_ProceedToQuoteCheckout"/>
  <system-out/>
  <testcase name="ProceedToQuote_TC_ID_29_verify_by_clicking_on_detail_button" time="1.854" classname="com.Accuride.testCases.TC_ProceedToQuoteCheckout"/>
  <system-out/>
  <testcase name="ProceedToQuote_TC_ID_30_verify_description_for_product_detail" time="3.195" classname="com.Accuride.testCases.TC_ProceedToQuoteCheckout"/>
  <system-out/>
  <testcase name="ProceedToQuote_TC_ID_31_32_verify_by_hover_on_productItem_lenght_quantity" time="2.882" classname="com.Accuride.testCases.TC_ProceedToQuoteCheckout"/>
  <system-out/>
  <testcase name="ProceedToQuote_TC_ID_33_verify_by_adding_into_cart" time="1.803" classname="com.Accuride.testCases.TC_ProceedToQuoteCheckout"/>
  <system-out/>
  <testcase name="ProceedToQuote_TC_ID_34_verify_by_clicking_cart_icon" time="3.138" classname="com.Accuride.testCases.TC_ProceedToQuoteCheckout"/>
  <system-out/>
  <testcase name="ProceedToQuote_TC_ID_35_verify_UI_cart_pop_up" time="2.045" classname="com.Accuride.testCases.TC_ProceedToQuoteCheckout"/>
  <system-out/>
  <testcase name="ProceedToQuote_TC_ID_36_Verify_by_clicking_View_and_edit_cart" time="1.606" classname="com.Accuride.testCases.TC_ProceedToQuoteCheckout"/>
  <system-out/>
  <testcase name="ProceedToQuote_TC_ID_37_42_verify_UI_of_the_View_and_edit_cart_page" time="2.310" classname="com.Accuride.testCases.TC_ProceedToQuoteCheckout"/>
  <system-out/>
  <testcase name="ProceedToQuote_TC_ID_43_verify_by_clicking_Proceed_to_checkout_button" time="1.927" classname="com.Accuride.testCases.TC_ProceedToQuoteCheckout"/>
  <system-out/>
</testsuite> <!-- com.Accuride.testCases.TC_ProceedToQuoteCheckout -->
