<?xml version="1.0" encoding="UTF-8"?>
<!-- Generated by org.testng.reporters.JUnitReportReporter -->
<testsuite skipped="0" hostname="DESKTOP-C4L6Q0Q" name="com.Accuride.testCases.TC_UniversalConfiguratorCartCheckout" tests="35" failures="0" timestamp="2022-08-03T13:13:55 IST" time="98.073" errors="0">
  <testcase name="UCP_TC_ID_3_verifyUI_Home_page" time="2.414" classname="com.Accuride.testCases.TC_UniversalConfiguratorCartCheckout"/>
  <system-out/>
  <testcase name="UCP_TC_ID_2_Login" time="4.536" classname="com.Accuride.testCases.TC_UniversalConfiguratorCartCheckout"/>
  <system-out/>
  <testcase name="ProceedToQuote_TC_ID_3_verify_All_product_submenu" time="4.569" classname="com.Accuride.testCases.TC_UniversalConfiguratorCartCheckout"/>
  <system-out/>
  <testcase name="UCP_TC_ID_5_verify_the_sub_menu_for_MARKETS" time="1.636" classname="com.Accuride.testCases.TC_UniversalConfiguratorCartCheckout"/>
  <system-out/>
  <testcase name="UCP_TC_ID_6_verif_sub_menu_for_RESOURCES" time="1.607" classname="com.Accuride.testCases.TC_UniversalConfiguratorCartCheckout"/>
  <system-out/>
  <testcase name="UCP_TC_ID_7_verify_sub_menu_for_BLOG" time="1.667" classname="com.Accuride.testCases.TC_UniversalConfiguratorCartCheckout"/>
  <system-out/>
  <testcase name="UCP_TC_ID_8_verif_sub_menu_for_SUPPORTS" time="1.634" classname="com.Accuride.testCases.TC_UniversalConfiguratorCartCheckout"/>
  <system-out/>
  <testcase name="UCP_TC_ID_9_verify_sub_menu_for_COMPANY" time="1.571" classname="com.Accuride.testCases.TC_UniversalConfiguratorCartCheckout"/>
  <system-out/>
  <testcase name="UCP_TC_ID_10_verify_by_clicking_LinerProduct_from_submenu_of_Product" time="14.927" classname="com.Accuride.testCases.TC_UniversalConfiguratorCartCheckout"/>
  <system-out/>
  <testcase name="UCP_TC_ID_11_verify_UI_of_product_listing_page" time="2.583" classname="com.Accuride.testCases.TC_UniversalConfiguratorCartCheckout"/>
  <system-out/>
  <testcase name="UCP_TC_ID_12_13_verify_By_clicking_and_validating_pagination" time="1.897" classname="com.Accuride.testCases.TC_UniversalConfiguratorCartCheckout"/>
  <system-out/>
  <testcase name="UCP_TC_ID_14_verify_product_filter_on_listing_page" time="1.582" classname="com.Accuride.testCases.TC_UniversalConfiguratorCartCheckout"/>
  <system-out/>
  <testcase name="UCP_TC_ID_15_validate_switch_button_vertical_horizontal" time="3.067" classname="com.Accuride.testCases.TC_UniversalConfiguratorCartCheckout"/>
  <system-out/>
  <testcase name="UCP_TC_ID_17_18_validate_sortby_button_product_postion" time="1.588" classname="com.Accuride.testCases.TC_UniversalConfiguratorCartCheckout"/>
  <system-out/>
  <testcase name="UCP_TC_ID_19_validate_search_filter_on_listing_page" time="1.614" classname="com.Accuride.testCases.TC_UniversalConfiguratorCartCheckout"/>
  <system-out/>
  <testcase name="UCP_TC_ID_25_validate_addtocart_button" time="1.534" classname="com.Accuride.testCases.TC_UniversalConfiguratorCartCheckout"/>
  <system-out/>
  <testcase name="UCP_TC_ID_29_verify_by_clicking_on_detail_button" time="1.704" classname="com.Accuride.testCases.TC_UniversalConfiguratorCartCheckout"/>
  <system-out/>
  <testcase name="UCP_TC_ID_30_verify_description_for_product_detail" time="4.479" classname="com.Accuride.testCases.TC_UniversalConfiguratorCartCheckout"/>
  <system-out/>
  <testcase name="UCP_TC_ID_31_32_verify_by_drop_down_list_generic" time="2.726" classname="com.Accuride.testCases.TC_UniversalConfiguratorCartCheckout"/>
  <system-out/>
  <testcase name="UCP_TC_ID_31_32_verify_by_drop_down_list2_for_generic" time="2.701" classname="com.Accuride.testCases.TC_UniversalConfiguratorCartCheckout"/>
  <system-out/>
  <testcase name="UCP_TC_ID_31_32_verify_by_drop_down_list3_generic" time="2.641" classname="com.Accuride.testCases.TC_UniversalConfiguratorCartCheckout"/>
  <system-out/>
  <testcase name="UCP_TC_ID_33_verify_by_clicking_next_button" time="1.342" classname="com.Accuride.testCases.TC_UniversalConfiguratorCartCheckout"/>
  <system-out/>
  <testcase name="UCP_TC_ID_33_verify_by_adding_into_cart" time="2.133" classname="com.Accuride.testCases.TC_UniversalConfiguratorCartCheckout"/>
  <system-out/>
  <testcase name="UCP_TC_ID_34_verify_by_clicking_cart_icon" time="2.872" classname="com.Accuride.testCases.TC_UniversalConfiguratorCartCheckout"/>
  <system-out/>
  <testcase name="UCP_TC_ID_35_verify_UI_cart_pop_up" time="1.786" classname="com.Accuride.testCases.TC_UniversalConfiguratorCartCheckout"/>
  <system-out/>
  <testcase name="UCP_TC_ID_36_Verify_by_clicking_View_and_edit_cart" time="1.587" classname="com.Accuride.testCases.TC_UniversalConfiguratorCartCheckout"/>
  <system-out/>
  <testcase name="UCP_TC_ID_37_42_verify_UI_of_the_View_and_edit_cart_page" time="2.193" classname="com.Accuride.testCases.TC_UniversalConfiguratorCartCheckout"/>
  <system-out/>
  <testcase name="UCP_TC_ID_43_verify_by_clicking_Proceed_to_checkout_button" time="1.539" classname="com.Accuride.testCases.TC_UniversalConfiguratorCartCheckout"/>
  <system-out/>
  <testcase name="UCP_TC_ID_45_46_verify_by_adding_and_updating_new_address" time="3.294" classname="com.Accuride.testCases.TC_UniversalConfiguratorCartCheckout"/>
  <system-out/>
  <testcase name="UCP_TC_ID_47_verify_by_selecting_ShipHere_radio_button" time="2.694" classname="com.Accuride.testCases.TC_UniversalConfiguratorCartCheckout"/>
  <system-out/>
  <testcase name="UCP_TC_ID_48_validate_by_clicking_next_button" time="2.594" classname="com.Accuride.testCases.TC_UniversalConfiguratorCartCheckout"/>
  <system-out/>
  <testcase name="UCP_TC_ID_49_verify_UI_of_Payment_page" time="6.578" classname="com.Accuride.testCases.TC_UniversalConfiguratorCartCheckout"/>
  <system-out/>
  <testcase name="UCP_TC_ID_50_Add_card_detail" time="3.849" classname="com.Accuride.testCases.TC_UniversalConfiguratorCartCheckout"/>
  <system-out/>
  <testcase name="UCP_TC_ID_51_select_Term_and_condition" time="1.440" classname="com.Accuride.testCases.TC_UniversalConfiguratorCartCheckout"/>
  <system-out/>
  <testcase name="UCP_TC_ID_58_verify_by_placing_order" time="1.495" classname="com.Accuride.testCases.TC_UniversalConfiguratorCartCheckout"/>
  <system-out/>
</testsuite> <!-- com.Accuride.testCases.TC_UniversalConfiguratorCartCheckout -->
