<?xml version="1.0" encoding="UTF-8"?>
<!-- Generated by org.testng.reporters.JUnitReportReporter -->
<testsuite skipped="0" hostname="DESKTOP-C4L6Q0Q" name="com.Accuride.testCases.TC_EULaunchProceedToQuoteCheckout" tests="30" failures="0" timestamp="2022-10-17T12:10:15 IST" time="81.851" errors="0">
  <testcase name="EU_TC_ID_2_Login" time="4.521" classname="com.Accuride.testCases.TC_EULaunchProceedToQuoteCheckout"/>
  <system-out/>
  <testcase name="EU_TC_ID_3_verifyUI_Home_page" time="0.235" classname="com.Accuride.testCases.TC_EULaunchProceedToQuoteCheckout"/>
  <system-out/>
  <testcase name="EU_TC_ID_4_verify_All_product_submenu" time="3.844" classname="com.Accuride.testCases.TC_EULaunchProceedToQuoteCheckout"/>
  <system-out/>
  <testcase name="EU_TC_ID_5_verify_the_sub_menu_for_MARKETS" time="1.629" classname="com.Accuride.testCases.TC_EULaunchProceedToQuoteCheckout"/>
  <system-out/>
  <testcase name="EU_TC_ID_6_verif_sub_menu_for_RESOURCES" time="1.686" classname="com.Accuride.testCases.TC_EULaunchProceedToQuoteCheckout"/>
  <system-out/>
  <testcase name="EU_TC_ID_7_verify_sub_menu_for_BLOG" time="1.856" classname="com.Accuride.testCases.TC_EULaunchProceedToQuoteCheckout"/>
  <system-out/>
  <testcase name="EU_TC_ID_8_verif_sub_menu_for_SUPPORTS" time="1.794" classname="com.Accuride.testCases.TC_EULaunchProceedToQuoteCheckout"/>
  <system-out/>
  <testcase name="EU_TC_ID_9_verify_sub_menu_for_COMPANY" time="1.573" classname="com.Accuride.testCases.TC_EULaunchProceedToQuoteCheckout"/>
  <system-out/>
  <testcase name="EU_TC_ID_10_verify_by_clicking_submenu_of_Product" time="2.974" classname="com.Accuride.testCases.TC_EULaunchProceedToQuoteCheckout"/>
  <system-out/>
  <testcase name="EU_TC_ID_11_verify_UI_of_product_listing_page" time="10.356" classname="com.Accuride.testCases.TC_EULaunchProceedToQuoteCheckout"/>
  <system-out/>
  <testcase name="EU_TC_ID_12_13_verify_product_filter_on_listing_page" time="1.742" classname="com.Accuride.testCases.TC_EULaunchProceedToQuoteCheckout"/>
  <system-out/>
  <testcase name="EU_TC_ID_14_validate_by_applying_filter" time="1.648" classname="com.Accuride.testCases.TC_EULaunchProceedToQuoteCheckout"/>
  <system-out/>
  <testcase name="EU_TC_ID_17_18_validate_sortby_button_product_postion" time="1.687" classname="com.Accuride.testCases.TC_EULaunchProceedToQuoteCheckout"/>
  <system-out/>
  <testcase name="EU_TC_ID_20_validate_Product_item" time="1.442" classname="com.Accuride.testCases.TC_EULaunchProceedToQuoteCheckout"/>
  <system-out/>
  <testcase name="EU_TC_ID_22_23_verify_by_selecting_lenght_and_quantity" time="3.355" classname="com.Accuride.testCases.TC_EULaunchProceedToQuoteCheckout"/>
  <system-out/>
  <testcase name="EU_TC_ID_25_validate_by_adding_product_into_cart_by_addtocart_button" time="2.127" classname="com.Accuride.testCases.TC_EULaunchProceedToQuoteCheckout"/>
  <system-out/>
  <testcase name="EU_TC_ID_26_verify_by_adding_product_into_cart_without_lenght_quntity_configureProduct" time="0.812" classname="com.Accuride.testCases.TC_EULaunchProceedToQuoteCheckout"/>
  <system-out/>
  <testcase name="EU_TC_ID_29_verify_by_clicking_on_detail_button" time="1.949" classname="com.Accuride.testCases.TC_EULaunchProceedToQuoteCheckout"/>
  <system-out/>
  <testcase name="EU_TC_ID_30_verify_description_for_product_detail" time="3.307" classname="com.Accuride.testCases.TC_EULaunchProceedToQuoteCheckout"/>
  <system-out/>
  <testcase name="EU_TC_ID_31_32_verify_by_hover_on_productItem_lenght_quantity" time="2.853" classname="com.Accuride.testCases.TC_EULaunchProceedToQuoteCheckout"/>
  <system-out/>
  <testcase name="EU_TC_ID_33_verify_by_adding_into_cart" time="1.714" classname="com.Accuride.testCases.TC_EULaunchProceedToQuoteCheckout"/>
  <system-out/>
  <testcase name="EU_TC_ID_34_verify_by_clicking_cart_icon" time="2.959" classname="com.Accuride.testCases.TC_EULaunchProceedToQuoteCheckout"/>
  <system-out/>
  <testcase name="EU_TC_ID_35_verify_UI_cart_pop_up" time="2.232" classname="com.Accuride.testCases.TC_EULaunchProceedToQuoteCheckout"/>
  <system-out/>
  <testcase name="EU_TC_ID_36_Verify_by_clicking_View_and_edit_cart" time="1.785" classname="com.Accuride.testCases.TC_EULaunchProceedToQuoteCheckout"/>
  <system-out/>
  <testcase name="EU_TC_ID_37_42_verify_UI_of_the_View_and_edit_cart_page" time="2.020" classname="com.Accuride.testCases.TC_EULaunchProceedToQuoteCheckout"/>
  <system-out/>
  <testcase name="EU_TC_ID_43_verify_by_clicking_Proceed_to_checkout_button" time="1.898" classname="com.Accuride.testCases.TC_EULaunchProceedToQuoteCheckout"/>
  <system-out/>
  <testcase name="EU_TC_ID_47_verify_by_selecting_ShipHere_radio_button" time="11.025" classname="com.Accuride.testCases.TC_EULaunchProceedToQuoteCheckout"/>
  <system-out/>
  <testcase name="EU_TC_ID_48_validate_by_clicking_next_button" time="2.471" classname="com.Accuride.testCases.TC_EULaunchProceedToQuoteCheckout"/>
  <system-out/>
  <testcase name="EU_TC_ID_44_Entering_quote_request" time="2.626" classname="com.Accuride.testCases.TC_EULaunchProceedToQuoteCheckout"/>
  <system-out/>
  <testcase name="EU_TC_ID_45_Submiting_quote_request" time="1.731" classname="com.Accuride.testCases.TC_EULaunchProceedToQuoteCheckout"/>
  <system-out/>
</testsuite> <!-- com.Accuride.testCases.TC_EULaunchProceedToQuoteCheckout -->
