<?xml version="1.0" encoding="UTF-8"?>
<!-- Generated by org.testng.reporters.JUnitReportReporter -->
<testsuite skipped="0" hostname="DESKTOP-C4L6Q0Q" name="com.Accuride.testCases.TC_Login" tests="11" failures="0" timestamp="2022-06-22T12:06:26 IST" time="47.890" errors="0">
  <testcase name="Login_TC_ID_1UIloginTest" time="1.725" classname="com.Accuride.testCases.TC_Login"/>
  <system-out/>
  <testcase name="Login_TC_ID_2CheckByNotFillingAnyData" time="0.392" classname="com.Accuride.testCases.TC_Login"/>
  <system-out/>
  <testcase name="Login_TC_ID_3CheckByNotFillingEmail" time="0.450" classname="com.Accuride.testCases.TC_Login"/>
  <system-out/>
  <testcase name="Login_TC_ID_4CheckByNotFillingPass" time="0.578" classname="com.Accuride.testCases.TC_Login"/>
  <system-out/>
  <testcase name="Login_TC_ID_5CheckPassingIncorrectEmailAndValidPassword" time="1.837" classname="com.Accuride.testCases.TC_Login"/>
  <system-out/>
  <testcase name="Login_TC_ID_6CheckPassingIncorrectEmailAndInValidPassword" time="11.063" classname="com.Accuride.testCases.TC_Login"/>
  <system-out/>
  <testcase name="Login_TC_ID_8CheckPassingcorrectEmailAndInValidPassword" time="10.627" classname="com.Accuride.testCases.TC_Login"/>
  <system-out/>
  <testcase name="Login_TC_ID_9CheckPasswordLessThanEightChar" time="10.644" classname="com.Accuride.testCases.TC_Login"/>
  <system-out/>
  <testcase name="Login_TC_ID_11CheckForgotPasswordlink" time="9.619" classname="com.Accuride.testCases.TC_Login"/>
  <system-out/>
  <testcase name="Login_TC_ID_12CheckSignUpButton" time="0.194" classname="com.Accuride.testCases.TC_Login"/>
  <system-out/>
  <testcase name="Login_TC_ID_10LoggedIn" time="0.761" classname="com.Accuride.testCases.TC_Login"/>
  <system-out/>
</testsuite> <!-- com.Accuride.testCases.TC_Login -->
